Using pre-set license
Built from '2020.2/release' branch; Version is '2020.2.2f1 (068178b99f32) revision 426360'; Using compiler version '192528614'; Build Type 'Release'
OS: 'Windows 10 Pro; OS build 19042.985; Version 2009; 64bit' Language: 'tr' Physical Memory: 16310 MB
BatchMode: 1, IsHumanControllingUs: 0, StartBugReporterOnCrash: 0, Is64bit: 1, IsPro: 0

 COMMAND LINE ARGUMENTS:
C:\Program Files\Unity\Editor\Unity.exe
-adb2
-batchMode
-noUpm
-name
AssetImportWorker0
-projectPath
C:/Users/DoDo/Desktop/Create with Code- Dogukan/Color Fill
-logFile
Logs/AssetImportWorker0.log
-srvPort
50425
Successfully changed project path to: C:/Users/DoDo/Desktop/Create with Code- Dogukan/Color Fill
C:/Users/DoDo/Desktop/Create with Code- Dogukan/Color Fill
Using Asset Import Pipeline V2.
Refreshing native plugins compatible for Editor in 24.63 ms, found 0 plugins.
Preloading 0 native plugins for Editor in 0.00 ms.
Initialize engine version: 2020.2.2f1 (068178b99f32)
[Subsystems] Discovering subsystems at path C:/Program Files/Unity/Editor/Data/Resources/UnitySubsystems
[Subsystems] Discovering subsystems at path C:/Users/DoDo/Desktop/Create with Code- Dogukan/Color Fill/Assets
GfxDevice: creating device client; threaded=0
Direct3D:
    Version:  Direct3D 11.0 [level 11.1]
    Renderer: NVIDIA GeForce GTX 970 (ID=0x13c2)
    Vendor:   
    VRAM:     4043 MB
    Driver:   27.21.14.6647
Initialize mono
Mono path[0] = 'C:/Program Files/Unity/Editor/Data/Managed'
Mono path[1] = 'C:/Program Files/Unity/Editor/Data/MonoBleedingEdge/lib/mono/unityjit'
Mono config path = 'C:/Program Files/Unity/Editor/Data/MonoBleedingEdge/etc'
Using monoOptions --debugger-agent=transport=dt_socket,embedding=1,server=y,suspend=n,address=127.0.0.1:56952
Begin MonoManager ReloadAssembly
Registering precompiled unity dll's ...
Register platform support module: C:/Program Files/Unity/Editor/Data/PlaybackEngines/WindowsStandaloneSupport/UnityEditor.WindowsStandalone.Extensions.dll
Registered in 0.001425 seconds.
Native extension for WindowsStandalone target not found
Refreshing native plugins compatible for Editor in 24.46 ms, found 0 plugins.
Preloading 0 native plugins for Editor in 0.00 ms.
Invoked RoslynAnalysisRunner static constructor.
RoslynAnalysisRunner will not be running.
RoslynAnalysisRunner has terminated.
Mono: successfully reloaded assembly
- Completed reload, in  0.743 seconds
Platform modules already initialized, skipping
Registering precompiled user dll's ...
Registered in 0.002503 seconds.
Begin MonoManager ReloadAssembly
Native extension for WindowsStandalone target not found
Refreshing native plugins compatible for Editor in 0.26 ms, found 0 plugins.
Preloading 0 native plugins for Editor in 0.00 ms.
Invoked RoslynAnalysisRunner static constructor.
RoslynAnalysisRunner will not be running.
RoslynAnalysisRunner has terminated.
Mono: successfully reloaded assembly
- Completed reload, in  0.636 seconds
Platform modules already initialized, skipping
========================================================================
Worker process is ready to serve import requests
Launched and connected shader compiler UnityShaderCompiler.exe after 0.03 seconds
Refreshing native plugins compatible for Editor in 0.27 ms, found 0 plugins.
Preloading 0 native plugins for Editor in 0.00 ms.
Unloading 1263 Unused Serialized files (Serialized files now loaded: 0)
System memory in use before: 61.6 MB.
System memory in use after: 61.7 MB.

Unloading 16 unused Assets to reduce memory usage. Loaded Objects now: 1713.
Total: 1.438200 ms (FindLiveObjects: 0.151400 ms CreateObjectMapping: 0.033900 ms MarkObjects: 1.197700 ms  DeleteObjects: 0.054200 ms)

========================================================================
Received Import Request.
  path: Assets/Prefabs/GroundModule.prefab
  artifactKey: Guid(231366173add64a43a5221617e7993a7) Importer(815301076,1909f56bfc062723c751e8b465ee728b)
Start importing Assets/Prefabs/GroundModule.prefab using Guid(231366173add64a43a5221617e7993a7) Importer(815301076,1909f56bfc062723c751e8b465ee728b)  -> (artifact id: 'dde3d7bb114f6093339e7cef3960e196') in 0.074718 seconds
  Import took 0.076486 seconds .

========================================================================
Received Import Request.
  Time since last request: 0.320899 seconds.
  path: Assets/Scripts/Touch.cs
  artifactKey: Guid(63cc7bfbe51bf63448822c302a224c1f) Importer(815301076,1909f56bfc062723c751e8b465ee728b)
Start importing Assets/Scripts/Touch.cs using Guid(63cc7bfbe51bf63448822c302a224c1f) Importer(815301076,1909f56bfc062723c751e8b465ee728b)  -> (artifact id: 'c32617b09a022ae2dc2771a0bd6ea3a5') in 0.009175 seconds
  Import took 0.010943 seconds .

========================================================================
Received Import Request.
  Time since last request: 184.333326 seconds.
  path: Assets/Scripts/Touch.cs
  artifactKey: Guid(63cc7bfbe51bf63448822c302a224c1f) Importer(815301076,1909f56bfc062723c751e8b465ee728b)
Start importing Assets/Scripts/Touch.cs using Guid(63cc7bfbe51bf63448822c302a224c1f) Importer(815301076,1909f56bfc062723c751e8b465ee728b)  -> (artifact id: 'cf5dec9506babcb8a5c3ba594e73b295') in 0.001729 seconds
  Import took 0.003488 seconds .

========================================================================
Received Prepare
Registering precompiled user dll's ...
Registered in 0.002346 seconds.
Begin MonoManager ReloadAssembly
Native extension for WindowsStandalone target not found
Refreshing native plugins compatible for Editor in 0.26 ms, found 0 plugins.
Preloading 0 native plugins for Editor in 0.00 ms.
Invoked RoslynAnalysisRunner static constructor.
RoslynAnalysisRunner will not be running.
RoslynAnalysisRunner has terminated.
Mono: successfully reloaded assembly
- Completed reload, in  0.592 seconds
Platform modules already initialized, skipping
Refreshing native plugins compatible for Editor in 0.27 ms, found 0 plugins.
Preloading 0 native plugins for Editor in 0.00 ms.
Unloading 1255 Unused Serialized files (Serialized files now loaded: 0)
System memory in use before: 64.6 MB.
System memory in use after: 64.7 MB.

Unloading 12 unused Assets to reduce memory usage. Loaded Objects now: 1723.
Total: 1.432300 ms (FindLiveObjects: 0.117500 ms CreateObjectMapping: 0.031500 ms MarkObjects: 1.241300 ms  DeleteObjects: 0.040600 ms)

========================================================================
Received Prepare
Registering precompiled user dll's ...
Registered in 0.002324 seconds.
Begin MonoManager ReloadAssembly
Native extension for WindowsStandalone target not found
Refreshing native plugins compatible for Editor in 0.28 ms, found 0 plugins.
Preloading 0 native plugins for Editor in 0.00 ms.
Invoked RoslynAnalysisRunner static constructor.
RoslynAnalysisRunner will not be running.
RoslynAnalysisRunner has terminated.
Mono: successfully reloaded assembly
- Completed reload, in  0.611 seconds
Platform modules already initialized, skipping
Refreshing native plugins compatible for Editor in 0.27 ms, found 0 plugins.
Preloading 0 native plugins for Editor in 0.00 ms.
Unloading 1255 Unused Serialized files (Serialized files now loaded: 0)
System memory in use before: 64.8 MB.
System memory in use after: 64.9 MB.

Unloading 11 unused Assets to reduce memory usage. Loaded Objects now: 1725.
Total: 1.355800 ms (FindLiveObjects: 0.179800 ms CreateObjectMapping: 0.029400 ms MarkObjects: 1.106000 ms  DeleteObjects: 0.039600 ms)

========================================================================
Received Import Request.
  Time since last request: 51.103804 seconds.
  path: Assets/Scripts/Touch.cs
  artifactKey: Guid(63cc7bfbe51bf63448822c302a224c1f) Importer(815301076,1909f56bfc062723c751e8b465ee728b)
Start importing Assets/Scripts/Touch.cs using Guid(63cc7bfbe51bf63448822c302a224c1f) Importer(815301076,1909f56bfc062723c751e8b465ee728b)  -> (artifact id: '01383a3e8cfeda9abd556be1b5ae4dc8') in 0.003577 seconds
  Import took 0.005265 seconds .

========================================================================
Received Prepare
Registering precompiled user dll's ...
Registered in 0.002364 seconds.
Begin MonoManager ReloadAssembly
Native extension for WindowsStandalone target not found
Refreshing native plugins compatible for Editor in 0.26 ms, found 0 plugins.
Preloading 0 native plugins for Editor in 0.00 ms.
Invoked RoslynAnalysisRunner static constructor.
RoslynAnalysisRunner will not be running.
RoslynAnalysisRunner has terminated.
Mono: successfully reloaded assembly
- Completed reload, in  0.589 seconds
Platform modules already initialized, skipping
Refreshing native plugins compatible for Editor in 0.26 ms, found 0 plugins.
Preloading 0 native plugins for Editor in 0.00 ms.
Unloading 1255 Unused Serialized files (Serialized files now loaded: 0)
System memory in use before: 65.1 MB.
System memory in use after: 65.1 MB.

Unloading 11 unused Assets to reduce memory usage. Loaded Objects now: 1727.
Total: 1.634800 ms (FindLiveObjects: 0.147800 ms CreateObjectMapping: 0.028300 ms MarkObjects: 1.416400 ms  DeleteObjects: 0.041100 ms)

========================================================================
Received Import Request.
  Time since last request: 14.982378 seconds.
  path: Assets/Scripts/Touch.cs
  artifactKey: Guid(63cc7bfbe51bf63448822c302a224c1f) Importer(815301076,1909f56bfc062723c751e8b465ee728b)
Start importing Assets/Scripts/Touch.cs using Guid(63cc7bfbe51bf63448822c302a224c1f) Importer(815301076,1909f56bfc062723c751e8b465ee728b)  -> (artifact id: '4111ef52f6a728e420a7a6bb59d16d75') in 0.005329 seconds
  Import took 0.007040 seconds .

========================================================================
Received Import Request.
  Time since last request: 0.976115 seconds.
  path: Assets/Scripts/Touch.cs
  artifactKey: Guid(63cc7bfbe51bf63448822c302a224c1f) Importer(815301076,1909f56bfc062723c751e8b465ee728b)
Start importing Assets/Scripts/Touch.cs using Guid(63cc7bfbe51bf63448822c302a224c1f) Importer(815301076,1909f56bfc062723c751e8b465ee728b)  -> (artifact id: '4111ef52f6a728e420a7a6bb59d16d75') in 0.001814 seconds
  Import took 0.003532 seconds .

========================================================================
Received Prepare
Registering precompiled user dll's ...
Registered in 0.002372 seconds.
Begin MonoManager ReloadAssembly
Native extension for WindowsStandalone target not found
Refreshing native plugins compatible for Editor in 0.26 ms, found 0 plugins.
Preloading 0 native plugins for Editor in 0.00 ms.
Invoked RoslynAnalysisRunner static constructor.
RoslynAnalysisRunner will not be running.
RoslynAnalysisRunner has terminated.
Mono: successfully reloaded assembly
- Completed reload, in  0.591 seconds
Platform modules already initialized, skipping
Refreshing native plugins compatible for Editor in 0.26 ms, found 0 plugins.
Preloading 0 native plugins for Editor in 0.00 ms.
Unloading 1255 Unused Serialized files (Serialized files now loaded: 0)
System memory in use before: 65.3 MB.
System memory in use after: 65.3 MB.

Unloading 11 unused Assets to reduce memory usage. Loaded Objects now: 1729.
Total: 1.302100 ms (FindLiveObjects: 0.127300 ms CreateObjectMapping: 0.029200 ms MarkObjects: 1.106800 ms  DeleteObjects: 0.037900 ms)

AssetImportWorkerClient::OnTransportError - code=2 error=End of file
